2023-07-29 13:44:15.038880800	[34minfo[0m	E:/go-projects/gin/gin-mall/cmd/server/main.go:19	server start	{"host": "http://127.0.0.1:8000"}
2023-07-29 13:44:44.064154700	[34minfo[0m	E:/go-projects/gin/gin-mall/internal/middleware/log.go:32	Request	{"trace": "3cd2fd640d5a458bacdf15a491c64020", "request_method": "GET", "request_headers": "{\"Accept\":[\"text/html,application/xhtml+xml,application/xml;q=0.9,image/avif,image/webp,image/apng,*/*;q=0.8,application/signed-exchange;v=b3;q=0.7\"],\"Accept-Encoding\":[\"gzip, deflate, br\"],\"Accept-Language\":[\"zh-CN,zh;q=0.9\"],\"Connection\":[\"keep-alive\"],\"Cookie\":[\"Hm_lvt_1d2d61263f13e4b288c8da19ad3ff56d=1663156630\"],\"Sec-Ch-Ua\":[\"\\\"Not.A/Brand\\\";v=\\\"8\\\", \\\"Chromium\\\";v=\\\"114\\\", \\\"Google Chrome\\\";v=\\\"114\\\"\"],\"Sec-Ch-Ua-Mobile\":[\"?0\"],\"Sec-Ch-Ua-Platform\":[\"\\\"Windows\\\"\"],\"Sec-Fetch-Dest\":[\"document\"],\"Sec-Fetch-Mode\":[\"navigate\"],\"Sec-Fetch-Site\":[\"none\"],\"Sec-Fetch-User\":[\"?1\"],\"Upgrade-Insecure-Requests\":[\"1\"],\"User-Agent\":[\"Mozilla/5.0 (Windows NT 10.0; Win64; x64) AppleWebKit/537.36 (KHTML, like Gecko) Chrome/114.0.0.0 Safari/537.36\"]}", "request_url": "/", "request_params": ""}
2023-07-29 13:44:44.065750100	[34minfo[0m	E:/go-projects/gin/gin-mall/internal/server/http.go:30	hello	{"trace": "3cd2fd640d5a458bacdf15a491c64020", "request_method": "GET", "request_headers": "{\"Accept\":[\"text/html,application/xhtml+xml,application/xml;q=0.9,image/avif,image/webp,image/apng,*/*;q=0.8,application/signed-exchange;v=b3;q=0.7\"],\"Accept-Encoding\":[\"gzip, deflate, br\"],\"Accept-Language\":[\"zh-CN,zh;q=0.9\"],\"Connection\":[\"keep-alive\"],\"Cookie\":[\"Hm_lvt_1d2d61263f13e4b288c8da19ad3ff56d=1663156630\"],\"Sec-Ch-Ua\":[\"\\\"Not.A/Brand\\\";v=\\\"8\\\", \\\"Chromium\\\";v=\\\"114\\\", \\\"Google Chrome\\\";v=\\\"114\\\"\"],\"Sec-Ch-Ua-Mobile\":[\"?0\"],\"Sec-Ch-Ua-Platform\":[\"\\\"Windows\\\"\"],\"Sec-Fetch-Dest\":[\"document\"],\"Sec-Fetch-Mode\":[\"navigate\"],\"Sec-Fetch-Site\":[\"none\"],\"Sec-Fetch-User\":[\"?1\"],\"Upgrade-Insecure-Requests\":[\"1\"],\"User-Agent\":[\"Mozilla/5.0 (Windows NT 10.0; Win64; x64) AppleWebKit/537.36 (KHTML, like Gecko) Chrome/114.0.0.0 Safari/537.36\"]}", "request_url": "/", "request_params": ""}
2023-07-29 13:44:44.066292600	[34minfo[0m	E:/go-projects/gin/gin-mall/internal/middleware/log.go:44	Response	{"trace": "3cd2fd640d5a458bacdf15a491c64020", "request_method": "GET", "request_headers": "{\"Accept\":[\"text/html,application/xhtml+xml,application/xml;q=0.9,image/avif,image/webp,image/apng,*/*;q=0.8,application/signed-exchange;v=b3;q=0.7\"],\"Accept-Encoding\":[\"gzip, deflate, br\"],\"Accept-Language\":[\"zh-CN,zh;q=0.9\"],\"Connection\":[\"keep-alive\"],\"Cookie\":[\"Hm_lvt_1d2d61263f13e4b288c8da19ad3ff56d=1663156630\"],\"Sec-Ch-Ua\":[\"\\\"Not.A/Brand\\\";v=\\\"8\\\", \\\"Chromium\\\";v=\\\"114\\\", \\\"Google Chrome\\\";v=\\\"114\\\"\"],\"Sec-Ch-Ua-Mobile\":[\"?0\"],\"Sec-Ch-Ua-Platform\":[\"\\\"Windows\\\"\"],\"Sec-Fetch-Dest\":[\"document\"],\"Sec-Fetch-Mode\":[\"navigate\"],\"Sec-Fetch-Site\":[\"none\"],\"Sec-Fetch-User\":[\"?1\"],\"Upgrade-Insecure-Requests\":[\"1\"],\"User-Agent\":[\"Mozilla/5.0 (Windows NT 10.0; Win64; x64) AppleWebKit/537.36 (KHTML, like Gecko) Chrome/114.0.0.0 Safari/537.36\"]}", "request_url": "/", "request_params": "", "response_body": "{\"code\":0,\"message\":\"success\",\"data\":{\"say\":\"Hi Nunu!\"}}", "time": "2ms"}
2023-07-29 13:44:44.093719400	[34minfo[0m	E:/go-projects/gin/gin-mall/internal/middleware/log.go:32	Request	{"trace": "331acfa781c98be31bf7546badc0a74a", "request_method": "GET", "request_headers": "{\"Accept\":[\"image/avif,image/webp,image/apng,image/svg+xml,image/*,*/*;q=0.8\"],\"Accept-Encoding\":[\"gzip, deflate, br\"],\"Accept-Language\":[\"zh-CN,zh;q=0.9\"],\"Connection\":[\"keep-alive\"],\"Cookie\":[\"Hm_lvt_1d2d61263f13e4b288c8da19ad3ff56d=1663156630\"],\"Referer\":[\"http://localhost:8000/\"],\"Sec-Ch-Ua\":[\"\\\"Not.A/Brand\\\";v=\\\"8\\\", \\\"Chromium\\\";v=\\\"114\\\", \\\"Google Chrome\\\";v=\\\"114\\\"\"],\"Sec-Ch-Ua-Mobile\":[\"?0\"],\"Sec-Ch-Ua-Platform\":[\"\\\"Windows\\\"\"],\"Sec-Fetch-Dest\":[\"image\"],\"Sec-Fetch-Mode\":[\"no-cors\"],\"Sec-Fetch-Site\":[\"same-origin\"],\"User-Agent\":[\"Mozilla/5.0 (Windows NT 10.0; Win64; x64) AppleWebKit/537.36 (KHTML, like Gecko) Chrome/114.0.0.0 Safari/537.36\"]}", "request_url": "/favicon.ico", "request_params": ""}
2023-07-29 13:44:44.094265000	[34minfo[0m	E:/go-projects/gin/gin-mall/internal/middleware/log.go:44	Response	{"trace": "331acfa781c98be31bf7546badc0a74a", "request_method": "GET", "request_headers": "{\"Accept\":[\"image/avif,image/webp,image/apng,image/svg+xml,image/*,*/*;q=0.8\"],\"Accept-Encoding\":[\"gzip, deflate, br\"],\"Accept-Language\":[\"zh-CN,zh;q=0.9\"],\"Connection\":[\"keep-alive\"],\"Cookie\":[\"Hm_lvt_1d2d61263f13e4b288c8da19ad3ff56d=1663156630\"],\"Referer\":[\"http://localhost:8000/\"],\"Sec-Ch-Ua\":[\"\\\"Not.A/Brand\\\";v=\\\"8\\\", \\\"Chromium\\\";v=\\\"114\\\", \\\"Google Chrome\\\";v=\\\"114\\\"\"],\"Sec-Ch-Ua-Mobile\":[\"?0\"],\"Sec-Ch-Ua-Platform\":[\"\\\"Windows\\\"\"],\"Sec-Fetch-Dest\":[\"image\"],\"Sec-Fetch-Mode\":[\"no-cors\"],\"Sec-Fetch-Site\":[\"same-origin\"],\"User-Agent\":[\"Mozilla/5.0 (Windows NT 10.0; Win64; x64) AppleWebKit/537.36 (KHTML, like Gecko) Chrome/114.0.0.0 Safari/537.36\"]}", "request_url": "/favicon.ico", "request_params": "", "response_body": "", "time": "1ms"}
2023-07-29 13:45:25.986363300	[34minfo[0m	E:/go-projects/gin/gin-mall/internal/middleware/log.go:32	Request	{"trace": "97e6efedc4a1fa8fa7287628442c51d9", "request_method": "GET", "request_headers": "{\"Accept\":[\"text/html,application/xhtml+xml,application/xml;q=0.9,image/avif,image/webp,image/apng,*/*;q=0.8,application/signed-exchange;v=b3;q=0.7\"],\"Accept-Encoding\":[\"gzip, deflate, br\"],\"Accept-Language\":[\"zh-CN,zh;q=0.9\"],\"Cache-Control\":[\"max-age=0\"],\"Connection\":[\"keep-alive\"],\"Cookie\":[\"Hm_lvt_1d2d61263f13e4b288c8da19ad3ff56d=1663156630\"],\"Sec-Ch-Ua\":[\"\\\"Not.A/Brand\\\";v=\\\"8\\\", \\\"Chromium\\\";v=\\\"114\\\", \\\"Google Chrome\\\";v=\\\"114\\\"\"],\"Sec-Ch-Ua-Mobile\":[\"?0\"],\"Sec-Ch-Ua-Platform\":[\"\\\"Windows\\\"\"],\"Sec-Fetch-Dest\":[\"document\"],\"Sec-Fetch-Mode\":[\"navigate\"],\"Sec-Fetch-Site\":[\"none\"],\"Sec-Fetch-User\":[\"?1\"],\"Upgrade-Insecure-Requests\":[\"1\"],\"User-Agent\":[\"Mozilla/5.0 (Windows NT 10.0; Win64; x64) AppleWebKit/537.36 (KHTML, like Gecko) Chrome/114.0.0.0 Safari/537.36\"]}", "request_url": "/", "request_params": ""}
2023-07-29 13:45:25.986897100	[34minfo[0m	E:/go-projects/gin/gin-mall/internal/server/http.go:30	hello	{"trace": "97e6efedc4a1fa8fa7287628442c51d9", "request_method": "GET", "request_headers": "{\"Accept\":[\"text/html,application/xhtml+xml,application/xml;q=0.9,image/avif,image/webp,image/apng,*/*;q=0.8,application/signed-exchange;v=b3;q=0.7\"],\"Accept-Encoding\":[\"gzip, deflate, br\"],\"Accept-Language\":[\"zh-CN,zh;q=0.9\"],\"Cache-Control\":[\"max-age=0\"],\"Connection\":[\"keep-alive\"],\"Cookie\":[\"Hm_lvt_1d2d61263f13e4b288c8da19ad3ff56d=1663156630\"],\"Sec-Ch-Ua\":[\"\\\"Not.A/Brand\\\";v=\\\"8\\\", \\\"Chromium\\\";v=\\\"114\\\", \\\"Google Chrome\\\";v=\\\"114\\\"\"],\"Sec-Ch-Ua-Mobile\":[\"?0\"],\"Sec-Ch-Ua-Platform\":[\"\\\"Windows\\\"\"],\"Sec-Fetch-Dest\":[\"document\"],\"Sec-Fetch-Mode\":[\"navigate\"],\"Sec-Fetch-Site\":[\"none\"],\"Sec-Fetch-User\":[\"?1\"],\"Upgrade-Insecure-Requests\":[\"1\"],\"User-Agent\":[\"Mozilla/5.0 (Windows NT 10.0; Win64; x64) AppleWebKit/537.36 (KHTML, like Gecko) Chrome/114.0.0.0 Safari/537.36\"]}", "request_url": "/", "request_params": ""}
2023-07-29 13:45:25.987488700	[34minfo[0m	E:/go-projects/gin/gin-mall/internal/middleware/log.go:44	Response	{"trace": "97e6efedc4a1fa8fa7287628442c51d9", "request_method": "GET", "request_headers": "{\"Accept\":[\"text/html,application/xhtml+xml,application/xml;q=0.9,image/avif,image/webp,image/apng,*/*;q=0.8,application/signed-exchange;v=b3;q=0.7\"],\"Accept-Encoding\":[\"gzip, deflate, br\"],\"Accept-Language\":[\"zh-CN,zh;q=0.9\"],\"Cache-Control\":[\"max-age=0\"],\"Connection\":[\"keep-alive\"],\"Cookie\":[\"Hm_lvt_1d2d61263f13e4b288c8da19ad3ff56d=1663156630\"],\"Sec-Ch-Ua\":[\"\\\"Not.A/Brand\\\";v=\\\"8\\\", \\\"Chromium\\\";v=\\\"114\\\", \\\"Google Chrome\\\";v=\\\"114\\\"\"],\"Sec-Ch-Ua-Mobile\":[\"?0\"],\"Sec-Ch-Ua-Platform\":[\"\\\"Windows\\\"\"],\"Sec-Fetch-Dest\":[\"document\"],\"Sec-Fetch-Mode\":[\"navigate\"],\"Sec-Fetch-Site\":[\"none\"],\"Sec-Fetch-User\":[\"?1\"],\"Upgrade-Insecure-Requests\":[\"1\"],\"User-Agent\":[\"Mozilla/5.0 (Windows NT 10.0; Win64; x64) AppleWebKit/537.36 (KHTML, like Gecko) Chrome/114.0.0.0 Safari/537.36\"]}", "request_url": "/", "request_params": "", "response_body": "{\"code\":0,\"message\":\"success\",\"data\":{\"say\":\"Hi Nunu!\"}}", "time": "1ms"}
2023-07-29 13:45:27.634262400	[34minfo[0m	E:/go-projects/gin/gin-mall/internal/middleware/log.go:32	Request	{"trace": "f7ca4755ab7202f7f31e8183e46ed026", "request_method": "GET", "request_headers": "{\"Accept\":[\"text/html,application/xhtml+xml,application/xml;q=0.9,image/avif,image/webp,image/apng,*/*;q=0.8,application/signed-exchange;v=b3;q=0.7\"],\"Accept-Encoding\":[\"gzip, deflate, br\"],\"Accept-Language\":[\"zh-CN,zh;q=0.9\"],\"Cache-Control\":[\"max-age=0\"],\"Connection\":[\"keep-alive\"],\"Cookie\":[\"Hm_lvt_1d2d61263f13e4b288c8da19ad3ff56d=1663156630\"],\"Sec-Ch-Ua\":[\"\\\"Not.A/Brand\\\";v=\\\"8\\\", \\\"Chromium\\\";v=\\\"114\\\", \\\"Google Chrome\\\";v=\\\"114\\\"\"],\"Sec-Ch-Ua-Mobile\":[\"?0\"],\"Sec-Ch-Ua-Platform\":[\"\\\"Windows\\\"\"],\"Sec-Fetch-Dest\":[\"document\"],\"Sec-Fetch-Mode\":[\"navigate\"],\"Sec-Fetch-Site\":[\"none\"],\"Sec-Fetch-User\":[\"?1\"],\"Upgrade-Insecure-Requests\":[\"1\"],\"User-Agent\":[\"Mozilla/5.0 (Windows NT 10.0; Win64; x64) AppleWebKit/537.36 (KHTML, like Gecko) Chrome/114.0.0.0 Safari/537.36\"]}", "request_url": "/", "request_params": ""}
2023-07-29 13:45:27.634794400	[34minfo[0m	E:/go-projects/gin/gin-mall/internal/server/http.go:30	hello	{"trace": "f7ca4755ab7202f7f31e8183e46ed026", "request_method": "GET", "request_headers": "{\"Accept\":[\"text/html,application/xhtml+xml,application/xml;q=0.9,image/avif,image/webp,image/apng,*/*;q=0.8,application/signed-exchange;v=b3;q=0.7\"],\"Accept-Encoding\":[\"gzip, deflate, br\"],\"Accept-Language\":[\"zh-CN,zh;q=0.9\"],\"Cache-Control\":[\"max-age=0\"],\"Connection\":[\"keep-alive\"],\"Cookie\":[\"Hm_lvt_1d2d61263f13e4b288c8da19ad3ff56d=1663156630\"],\"Sec-Ch-Ua\":[\"\\\"Not.A/Brand\\\";v=\\\"8\\\", \\\"Chromium\\\";v=\\\"114\\\", \\\"Google Chrome\\\";v=\\\"114\\\"\"],\"Sec-Ch-Ua-Mobile\":[\"?0\"],\"Sec-Ch-Ua-Platform\":[\"\\\"Windows\\\"\"],\"Sec-Fetch-Dest\":[\"document\"],\"Sec-Fetch-Mode\":[\"navigate\"],\"Sec-Fetch-Site\":[\"none\"],\"Sec-Fetch-User\":[\"?1\"],\"Upgrade-Insecure-Requests\":[\"1\"],\"User-Agent\":[\"Mozilla/5.0 (Windows NT 10.0; Win64; x64) AppleWebKit/537.36 (KHTML, like Gecko) Chrome/114.0.0.0 Safari/537.36\"]}", "request_url": "/", "request_params": ""}
2023-07-29 13:45:27.635315900	[34minfo[0m	E:/go-projects/gin/gin-mall/internal/middleware/log.go:44	Response	{"trace": "f7ca4755ab7202f7f31e8183e46ed026", "request_method": "GET", "request_headers": "{\"Accept\":[\"text/html,application/xhtml+xml,application/xml;q=0.9,image/avif,image/webp,image/apng,*/*;q=0.8,application/signed-exchange;v=b3;q=0.7\"],\"Accept-Encoding\":[\"gzip, deflate, br\"],\"Accept-Language\":[\"zh-CN,zh;q=0.9\"],\"Cache-Control\":[\"max-age=0\"],\"Connection\":[\"keep-alive\"],\"Cookie\":[\"Hm_lvt_1d2d61263f13e4b288c8da19ad3ff56d=1663156630\"],\"Sec-Ch-Ua\":[\"\\\"Not.A/Brand\\\";v=\\\"8\\\", \\\"Chromium\\\";v=\\\"114\\\", \\\"Google Chrome\\\";v=\\\"114\\\"\"],\"Sec-Ch-Ua-Mobile\":[\"?0\"],\"Sec-Ch-Ua-Platform\":[\"\\\"Windows\\\"\"],\"Sec-Fetch-Dest\":[\"document\"],\"Sec-Fetch-Mode\":[\"navigate\"],\"Sec-Fetch-Site\":[\"none\"],\"Sec-Fetch-User\":[\"?1\"],\"Upgrade-Insecure-Requests\":[\"1\"],\"User-Agent\":[\"Mozilla/5.0 (Windows NT 10.0; Win64; x64) AppleWebKit/537.36 (KHTML, like Gecko) Chrome/114.0.0.0 Safari/537.36\"]}", "request_url": "/", "request_params": "", "response_body": "{\"code\":0,\"message\":\"success\",\"data\":{\"say\":\"Hi Nunu!\"}}", "time": "1ms"}
2023-07-29 15:27:38.826069300	[34minfo[0m	E:/go-projects/gin/gin-mall/pkg/log/log.go:23	===========åˆå§‹åŒ–æ—¥å¿—å¤„ç†=============
2023-07-29 15:27:38.854881500	[34minfo[0m	E:/go-projects/gin/gin-mall/internal/middleware/jwt.go:26	=================åˆå§‹åŒ–jwt==================
2023-07-29 15:27:38.874684700	[34minfo[0m	E:/go-projects/gin/gin-mall/pkg/helper/sid/sid.go:20	=============åˆå§‹åŒ–ssid================
2023-07-29 15:27:38.874684700	[34minfo[0m	E:/go-projects/gin/gin-mall/internal/service/user.go:25	===========åˆå§‹åŒ–ç”¨æˆ·service=================
2023-07-29 15:27:38.875228600	[34minfo[0m	E:/go-projects/gin/gin-mall/cmd/server/main.go:16	server start	{"host": "http://127.0.0.1:8000"}
2023-07-29 15:33:29.814400900	[34minfo[0m	E:/go-projects/gin/gin-mall/pkg/log/log.go:23	===========åˆå§‹åŒ–æ—¥å¿—å¤„ç†=============
2023-07-29 15:33:29.840184400	[34minfo[0m	E:/go-projects/gin/gin-mall/internal/middleware/jwt.go:26	=================åˆå§‹åŒ–jwt==================
2023-07-29 15:33:29.860449500	[34minfo[0m	E:/go-projects/gin/gin-mall/pkg/helper/sid/sid.go:20	=============åˆå§‹åŒ–ssid================
2023-07-29 15:33:29.860449500	[34minfo[0m	E:/go-projects/gin/gin-mall/internal/service/user.go:25	===========åˆå§‹åŒ–UserService=================
2023-07-29 15:33:29.865192300	[34minfo[0m	E:/go-projects/gin/gin-mall/pkg/db/mysql.go:23	==================æ•°æ®åº“åˆå§‹åŒ–å®Œæˆ=======================
2023-07-29 15:33:29.866260100	[34minfo[0m	E:/go-projects/gin/gin-mall/cmd/server/main.go:17	server start	{"host": "http://127.0.0.1:8000"}
2023-07-29 15:44:38.207219300	[34minfo[0m	E:/go-projects/gin/gin-mall/pkg/log/log.go:23	===========åˆå§‹åŒ–æ—¥å¿—å¤„ç†=============
2023-07-29 15:44:38.240395100	[34minfo[0m	E:/go-projects/gin/gin-mall/pkg/db/mysql.go:23	==================æ•°æ®åº“åˆå§‹åŒ–å®Œæˆ=======================
2023-07-29 15:44:38.240926500	[34minfo[0m	E:/go-projects/gin/gin-mall/pkg/db/redis.go:30	==================redisæ•°æ®åº“åˆå§‹åŒ–æˆåŠŸ=======================
2023-07-29 15:44:38.241455500	[34minfo[0m	E:/go-projects/gin/gin-mall/internal/middleware/jwt.go:26	=================åˆå§‹åŒ–jwt==================
2023-07-29 15:44:38.260118200	[34minfo[0m	E:/go-projects/gin/gin-mall/pkg/helper/sid/sid.go:20	=============åˆå§‹åŒ–ssid================
2023-07-29 15:44:38.260118200	[34minfo[0m	E:/go-projects/gin/gin-mall/internal/service/service.go:6	===========åˆå§‹åŒ–UserService=================
2023-07-29 15:44:38.260734000	[34minfo[0m	E:/go-projects/gin/gin-mall/cmd/server/main.go:19	server start	{"host": "http://127.0.0.1:8000"}
2023-07-29 15:45:35.505207200	[34minfo[0m	E:/go-projects/gin/gin-mall/pkg/log/log.go:23	===========åˆå§‹åŒ–æ—¥å¿—å¤„ç†=============
2023-07-29 15:45:35.537912900	[34minfo[0m	E:/go-projects/gin/gin-mall/pkg/db/mysql.go:23	==================æ•°æ®åº“åˆå§‹åŒ–å®Œæˆ=======================
2023-07-29 15:45:35.538910000	[34minfo[0m	E:/go-projects/gin/gin-mall/pkg/db/redis.go:30	==================redisæ•°æ®åº“åˆå§‹åŒ–æˆåŠŸ=======================
2023-07-29 15:45:35.538910000	[34minfo[0m	E:/go-projects/gin/gin-mall/internal/repository/repository.go:20	===========åˆå§‹åŒ–repository============
2023-07-29 15:45:35.538910000	[34minfo[0m	E:/go-projects/gin/gin-mall/internal/middleware/jwt.go:26	=================åˆå§‹åŒ–jwt==================
2023-07-29 15:45:35.559570400	[34minfo[0m	E:/go-projects/gin/gin-mall/pkg/helper/sid/sid.go:20	=============åˆå§‹åŒ–ssid================
2023-07-29 15:45:35.559570400	[34minfo[0m	E:/go-projects/gin/gin-mall/internal/service/service.go:6	===========åˆå§‹åŒ–UserService=================
2023-07-29 15:45:35.560105000	[34minfo[0m	E:/go-projects/gin/gin-mall/cmd/server/main.go:19	server start	{"host": "http://127.0.0.1:8000"}
2023-07-29 15:46:23.849958900	[34minfo[0m	E:/go-projects/gin/gin-mall/pkg/log/log.go:23	===========åˆå§‹åŒ–æ—¥å¿—å¤„ç†=============
2023-07-29 15:46:23.882610900	[34minfo[0m	E:/go-projects/gin/gin-mall/pkg/db/mysql.go:23	==================æ•°æ®åº“åˆå§‹åŒ–å®Œæˆ=======================
2023-07-29 15:46:23.883666500	[34minfo[0m	E:/go-projects/gin/gin-mall/pkg/db/redis.go:30	==================redisæ•°æ®åº“åˆå§‹åŒ–æˆåŠŸ=======================
2023-07-29 15:46:23.883666500	[34minfo[0m	E:/go-projects/gin/gin-mall/internal/repository/repository.go:15	===========åˆå§‹åŒ–repository============
2023-07-29 15:46:23.884190900	[34minfo[0m	E:/go-projects/gin/gin-mall/internal/middleware/jwt.go:26	=================åˆå§‹åŒ–jwt==================
2023-07-29 15:46:23.902759100	[34minfo[0m	E:/go-projects/gin/gin-mall/pkg/helper/sid/sid.go:20	=============åˆå§‹åŒ–ssid================
2023-07-29 15:46:23.902759100	[34minfo[0m	E:/go-projects/gin/gin-mall/internal/service/service.go:6	===========åˆå§‹åŒ–UserService=================
2023-07-29 15:46:23.903296100	[34minfo[0m	E:/go-projects/gin/gin-mall/cmd/server/main.go:19	server start	{"host": "http://127.0.0.1:8000"}
2023-07-30 10:33:14.320090300	[34minfo[0m	E:/go-projects/gin/gin-mall/pkg/log/log.go:23	===========åˆå§‹åŒ–æ—¥å¿—å¤„ç†=============
2023-07-30 10:33:14.352084000	[34minfo[0m	E:/go-projects/gin/gin-mall/pkg/db/mysql.go:23	==================æ•°æ®åº“åˆå§‹åŒ–å®Œæˆ=======================
2023-07-30 10:33:14.362164400	[34minfo[0m	E:/go-projects/gin/gin-mall/pkg/db/redis.go:30	==================redisæ•°æ®åº“åˆå§‹åŒ–æˆåŠŸ=======================
2023-07-30 10:33:14.362970400	[34minfo[0m	E:/go-projects/gin/gin-mall/internal/repository/repository.go:15	===========åˆå§‹åŒ–repository============
2023-07-30 10:33:14.362970400	[34minfo[0m	E:/go-projects/gin/gin-mall/internal/middleware/jwt.go:26	=================åˆå§‹åŒ–jwt==================
2023-07-30 10:33:14.379621300	[34minfo[0m	E:/go-projects/gin/gin-mall/pkg/helper/sid/sid.go:20	=============åˆå§‹åŒ–ssid================
2023-07-30 10:33:14.379621300	[34minfo[0m	E:/go-projects/gin/gin-mall/internal/service/service.go:6	===========åˆå§‹åŒ–UserService=================
2023-07-30 10:33:14.379621300	[34minfo[0m	E:/go-projects/gin/gin-mall/cmd/server/main.go:19	server start	{"host": "http://127.0.0.1:8000"}
2023-07-30 10:33:25.517193900	[34minfo[0m	E:/go-projects/gin/gin-mall/internal/middleware/log.go:33	Request	{"trace": "0a86dedae3dc2a70daf2fcd43af232a8", "request_method": "POST", "request_headers": "{\"Accept\":[\"*/*\"],\"Accept-Encoding\":[\"gzip, deflate, br\"],\"Connection\":[\"keep-alive\"],\"Content-Length\":[\"10\"],\"Content-Type\":[\"application/json\"],\"Postman-Token\":[\"da638e9a-d76f-4cc7-9c2f-67c96d2f57f7\"],\"User-Agent\":[\"PostmanRuntime/7.28.3\"]}", "request_url": "/register", "request_params": "{\r\n    \r\n}"}
2023-07-30 10:33:25.517193900	[34minfo[0m	E:/go-projects/gin/gin-mall/internal/middleware/log.go:45	Response	{"trace": "0a86dedae3dc2a70daf2fcd43af232a8", "request_method": "POST", "request_headers": "{\"Accept\":[\"*/*\"],\"Accept-Encoding\":[\"gzip, deflate, br\"],\"Connection\":[\"keep-alive\"],\"Content-Length\":[\"10\"],\"Content-Type\":[\"application/json\"],\"Postman-Token\":[\"da638e9a-d76f-4cc7-9c2f-67c96d2f57f7\"],\"User-Agent\":[\"PostmanRuntime/7.28.3\"]}", "request_url": "/register", "request_params": "{\r\n    \r\n}", "response_body": "{\"code\":1,\"message\":\"sign error.\",\"data\":{}}", "time": "0ms"}
2023-07-30 10:33:54.630847200	[34minfo[0m	E:/go-projects/gin/gin-mall/pkg/log/log.go:23	===========åˆå§‹åŒ–æ—¥å¿—å¤„ç†=============
2023-07-30 10:33:54.663336800	[34minfo[0m	E:/go-projects/gin/gin-mall/pkg/db/mysql.go:23	==================æ•°æ®åº“åˆå§‹åŒ–å®Œæˆ=======================
2023-07-30 10:33:54.664329200	[34minfo[0m	E:/go-projects/gin/gin-mall/pkg/db/redis.go:30	==================redisæ•°æ®åº“åˆå§‹åŒ–æˆåŠŸ=======================
2023-07-30 10:33:54.664329200	[34minfo[0m	E:/go-projects/gin/gin-mall/internal/repository/repository.go:15	===========åˆå§‹åŒ–repository============
2023-07-30 10:33:54.664329200	[34minfo[0m	E:/go-projects/gin/gin-mall/internal/middleware/jwt.go:26	=================åˆå§‹åŒ–jwt==================
2023-07-30 10:33:54.681347600	[34minfo[0m	E:/go-projects/gin/gin-mall/pkg/helper/sid/sid.go:20	=============åˆå§‹åŒ–ssid================
2023-07-30 10:33:54.681347600	[34minfo[0m	E:/go-projects/gin/gin-mall/internal/service/service.go:6	===========åˆå§‹åŒ–UserService=================
2023-07-30 10:33:54.681854500	[34minfo[0m	E:/go-projects/gin/gin-mall/cmd/server/main.go:19	server start	{"host": "http://127.0.0.1:8000"}
2023-07-30 10:34:03.764659500	[34minfo[0m	E:/go-projects/gin/gin-mall/internal/middleware/log.go:33	Request	{"trace": "df844e893b71d89f08cf16fb269295b2", "request_method": "POST", "request_headers": "{\"Accept\":[\"*/*\"],\"Accept-Encoding\":[\"gzip, deflate, br\"],\"Connection\":[\"keep-alive\"],\"Content-Length\":[\"10\"],\"Content-Type\":[\"application/json\"],\"Postman-Token\":[\"66765fa2-2e90-420e-9c38-a788de443c62\"],\"User-Agent\":[\"PostmanRuntime/7.28.3\"]}", "request_url": "/register", "request_params": "{\r\n    \r\n}"}
2023-07-30 10:35:09.939296300	[34minfo[0m	E:/go-projects/gin/gin-mall/pkg/log/log.go:23	===========åˆå§‹åŒ–æ—¥å¿—å¤„ç†=============
2023-07-30 10:35:09.970961000	[34minfo[0m	E:/go-projects/gin/gin-mall/pkg/db/mysql.go:23	==================æ•°æ®åº“åˆå§‹åŒ–å®Œæˆ=======================
2023-07-30 10:35:09.971516900	[34minfo[0m	E:/go-projects/gin/gin-mall/pkg/db/redis.go:30	==================redisæ•°æ®åº“åˆå§‹åŒ–æˆåŠŸ=======================
2023-07-30 10:35:09.971516900	[34minfo[0m	E:/go-projects/gin/gin-mall/internal/repository/repository.go:15	===========åˆå§‹åŒ–repository============
2023-07-30 10:35:09.972046600	[34minfo[0m	E:/go-projects/gin/gin-mall/internal/middleware/jwt.go:26	=================åˆå§‹åŒ–jwt==================
2023-07-30 10:35:09.988401300	[34minfo[0m	E:/go-projects/gin/gin-mall/pkg/helper/sid/sid.go:20	=============åˆå§‹åŒ–ssid================
2023-07-30 10:35:09.988401300	[34minfo[0m	E:/go-projects/gin/gin-mall/internal/service/service.go:6	===========åˆå§‹åŒ–UserService=================
2023-07-30 10:35:09.988401300	[34minfo[0m	E:/go-projects/gin/gin-mall/cmd/server/main.go:19	server start	{"host": "http://127.0.0.1:8000"}
2023-07-30 10:35:13.034845000	[34minfo[0m	E:/go-projects/gin/gin-mall/internal/middleware/log.go:33	Request	{"trace": "d14600ca639918e5bd98ce47c5e71d02", "request_method": "POST", "request_headers": "{\"Accept\":[\"*/*\"],\"Accept-Encoding\":[\"gzip, deflate, br\"],\"Connection\":[\"keep-alive\"],\"Content-Length\":[\"10\"],\"Content-Type\":[\"application/json\"],\"Postman-Token\":[\"543d5e60-1f60-4379-ba93-1dcb068317da\"],\"User-Agent\":[\"PostmanRuntime/7.28.3\"]}", "request_url": "/register", "request_params": "{\r\n    \r\n}"}
2023-07-30 10:35:31.933648700	[34minfo[0m	E:/go-projects/gin/gin-mall/internal/middleware/log.go:33	Request	{"trace": "6ed99b473fd4a2011dd2a004934a4d29", "request_method": "POST", "request_headers": "{\"Accept\":[\"*/*\"],\"Accept-Encoding\":[\"gzip, deflate, br\"],\"Connection\":[\"keep-alive\"],\"Content-Length\":[\"10\"],\"Content-Type\":[\"application/json\"],\"Postman-Token\":[\"3908a24c-c127-40e1-b83b-7ae279c66dee\"],\"User-Agent\":[\"PostmanRuntime/7.28.3\"]}", "request_url": "/register", "request_params": "{\r\n    \r\n}"}
2023-07-30 10:35:43.281511700	[34minfo[0m	E:/go-projects/gin/gin-mall/pkg/log/log.go:23	===========åˆå§‹åŒ–æ—¥å¿—å¤„ç†=============
2023-07-30 10:35:43.312331400	[34minfo[0m	E:/go-projects/gin/gin-mall/pkg/db/mysql.go:23	==================æ•°æ®åº“åˆå§‹åŒ–å®Œæˆ=======================
2023-07-30 10:35:43.313331100	[34minfo[0m	E:/go-projects/gin/gin-mall/pkg/db/redis.go:30	==================redisæ•°æ®åº“åˆå§‹åŒ–æˆåŠŸ=======================
2023-07-30 10:35:43.313331100	[34minfo[0m	E:/go-projects/gin/gin-mall/internal/repository/repository.go:15	===========åˆå§‹åŒ–repository============
2023-07-30 10:35:43.313331100	[34minfo[0m	E:/go-projects/gin/gin-mall/internal/middleware/jwt.go:26	=================åˆå§‹åŒ–jwt==================
2023-07-30 10:35:43.330576500	[34minfo[0m	E:/go-projects/gin/gin-mall/pkg/helper/sid/sid.go:20	=============åˆå§‹åŒ–ssid================
2023-07-30 10:35:43.330576500	[34minfo[0m	E:/go-projects/gin/gin-mall/internal/service/service.go:6	===========åˆå§‹åŒ–UserService=================
2023-07-30 10:35:43.331082600	[34minfo[0m	E:/go-projects/gin/gin-mall/cmd/server/main.go:19	server start	{"host": "http://127.0.0.1:8000"}
2023-07-30 10:35:47.301220100	[34minfo[0m	E:/go-projects/gin/gin-mall/internal/middleware/log.go:33	Request	{"trace": "1f60f99f5a0d1ac25d73db64c23a5b21", "request_method": "POST", "request_headers": "{\"Accept\":[\"*/*\"],\"Accept-Encoding\":[\"gzip, deflate, br\"],\"Connection\":[\"keep-alive\"],\"Content-Length\":[\"10\"],\"Content-Type\":[\"application/json\"],\"Postman-Token\":[\"07c0f42b-909d-484e-9d65-4deca94bc543\"],\"User-Agent\":[\"PostmanRuntime/7.28.3\"]}", "request_url": "/register", "request_params": "{\r\n    \r\n}"}
2023-07-30 10:35:47.302278300	[34minfo[0m	E:/go-projects/gin/gin-mall/internal/middleware/log.go:45	Response	{"trace": "1f60f99f5a0d1ac25d73db64c23a5b21", "request_method": "POST", "request_headers": "{\"Accept\":[\"*/*\"],\"Accept-Encoding\":[\"gzip, deflate, br\"],\"Connection\":[\"keep-alive\"],\"Content-Length\":[\"10\"],\"Content-Type\":[\"application/json\"],\"Postman-Token\":[\"07c0f42b-909d-484e-9d65-4deca94bc543\"],\"User-Agent\":[\"PostmanRuntime/7.28.3\"]}", "request_url": "/register", "request_params": "{\r\n    \r\n}", "response_body": "{\"code\":1,\"message\":\"invalid request: Key: 'RegisterRequest.Name' Error:Field validation for 'Name' failed on the 'required' tag\\nKey: 'RegisterRequest.Password' Error:Field validation for 'Password' failed on the 'required' tag\\nKey: 'RegisterRequest.Account' Error:Field validation for 'Account' failed on the 'required' tag\\nKey: 'RegisterRequest.Mobile' Error:Field validation for 'Mobile' failed on the 'required' tag\",\"data\":{}}", "time": "1ms"}
2023-07-30 10:40:57.043932500	[34minfo[0m	E:/go-projects/gin/gin-mall/pkg/log/log.go:23	===========åˆå§‹åŒ–æ—¥å¿—å¤„ç†=============
2023-07-30 10:40:57.074629400	[34minfo[0m	E:/go-projects/gin/gin-mall/pkg/db/mysql.go:23	==================æ•°æ®åº“åˆå§‹åŒ–å®Œæˆ=======================
2023-07-30 10:40:57.075629500	[34minfo[0m	E:/go-projects/gin/gin-mall/pkg/db/redis.go:30	==================redisæ•°æ®åº“åˆå§‹åŒ–æˆåŠŸ=======================
2023-07-30 10:40:57.075629500	[34minfo[0m	E:/go-projects/gin/gin-mall/internal/repository/repository.go:15	===========åˆå§‹åŒ–repository============
2023-07-30 10:40:57.076629700	[34minfo[0m	E:/go-projects/gin/gin-mall/internal/middleware/jwt.go:25	=================åˆå§‹åŒ–jwt==================
2023-07-30 10:40:57.093104400	[34minfo[0m	E:/go-projects/gin/gin-mall/pkg/helper/sid/sid.go:20	=============åˆå§‹åŒ–ssid================
2023-07-30 10:40:57.093104400	[34minfo[0m	E:/go-projects/gin/gin-mall/internal/service/service.go:6	===========åˆå§‹åŒ–UserService=================
2023-07-30 10:40:57.093634900	[34minfo[0m	E:/go-projects/gin/gin-mall/cmd/server/main.go:19	server start	{"host": "http://127.0.0.1:8000"}
2023-07-30 10:41:01.914840100	[34minfo[0m	E:/go-projects/gin/gin-mall/internal/middleware/log.go:33	Request	{"trace": "42d4c9995da4f7795075669705d9a347", "request_method": "POST", "request_headers": "{\"Accept\":[\"*/*\"],\"Accept-Encoding\":[\"gzip, deflate, br\"],\"Connection\":[\"keep-alive\"],\"Content-Length\":[\"10\"],\"Content-Type\":[\"application/json\"],\"Postman-Token\":[\"0b391fa9-a492-47fd-898f-af4297d9d799\"],\"User-Agent\":[\"PostmanRuntime/7.28.3\"]}", "request_url": "/register", "request_params": "{\r\n    \r\n}"}
2023-07-30 10:41:01.915367700	[34minfo[0m	E:/go-projects/gin/gin-mall/internal/middleware/log.go:45	Response	{"trace": "42d4c9995da4f7795075669705d9a347", "request_method": "POST", "request_headers": "{\"Accept\":[\"*/*\"],\"Accept-Encoding\":[\"gzip, deflate, br\"],\"Connection\":[\"keep-alive\"],\"Content-Length\":[\"10\"],\"Content-Type\":[\"application/json\"],\"Postman-Token\":[\"0b391fa9-a492-47fd-898f-af4297d9d799\"],\"User-Agent\":[\"PostmanRuntime/7.28.3\"]}", "request_url": "/register", "request_params": "{\r\n    \r\n}", "response_body": "{\"code\":1,\"message\":\"è¯·æ±‚å‚æ•°å¼‚å¸¸\",\"data\":{}}", "time": "1ms"}
2023-07-30 10:45:24.364973600	[34minfo[0m	E:/go-projects/gin/gin-mall/internal/middleware/log.go:33	Request	{"trace": "9228415e25410635c882eb3d2a530002", "request_method": "POST", "request_headers": "{\"Accept\":[\"*/*\"],\"Accept-Encoding\":[\"gzip, deflate, br\"],\"Connection\":[\"keep-alive\"],\"Content-Length\":[\"107\"],\"Content-Type\":[\"application/json\"],\"Postman-Token\":[\"65533c4c-9b26-4c4e-b1ae-4c0d2f49e0bc\"],\"User-Agent\":[\"PostmanRuntime/7.28.3\"]}", "request_url": "/register", "request_params": "{\r\n    \"name\":\"wangzh\",\r\n    \"mobile\":\"18930235903\",\r\n    \"password\":\"12345678\",\r\n    \"account\":\"wangzh\"\r\n}"}
2023-07-30 10:49:08.043007300	[34minfo[0m	E:/go-projects/gin/gin-mall/pkg/log/log.go:23	===========åˆå§‹åŒ–æ—¥å¿—å¤„ç†=============
2023-07-30 10:49:08.073802300	[34minfo[0m	E:/go-projects/gin/gin-mall/pkg/db/mysql.go:23	==================æ•°æ®åº“åˆå§‹åŒ–å®Œæˆ=======================
2023-07-30 10:49:08.074327200	[34minfo[0m	E:/go-projects/gin/gin-mall/pkg/db/redis.go:30	==================redisæ•°æ®åº“åˆå§‹åŒ–æˆåŠŸ=======================
2023-07-30 10:49:08.074851100	[34minfo[0m	E:/go-projects/gin/gin-mall/internal/repository/repository.go:15	===========åˆå§‹åŒ–repository============
2023-07-30 10:49:08.074851100	[34minfo[0m	E:/go-projects/gin/gin-mall/internal/middleware/jwt.go:25	=================åˆå§‹åŒ–jwt==================
2023-07-30 10:49:08.090881800	[34minfo[0m	E:/go-projects/gin/gin-mall/pkg/helper/sid/sid.go:20	=============åˆå§‹åŒ–ssid================
2023-07-30 10:49:08.090881800	[34minfo[0m	E:/go-projects/gin/gin-mall/internal/service/service.go:6	===========åˆå§‹åŒ–UserService=================
2023-07-30 10:49:08.090881800	[34minfo[0m	E:/go-projects/gin/gin-mall/cmd/server/main.go:19	server start	{"host": "http://127.0.0.1:8000"}
2023-07-30 10:51:40.278853900	[34minfo[0m	E:/go-projects/gin/gin-mall/internal/middleware/log.go:33	Request	{"trace": "e2e6c7ea21ce5f6315a635e251d97db5", "request_method": "POST", "request_headers": "{\"Accept\":[\"*/*\"],\"Accept-Encoding\":[\"gzip, deflate, br\"],\"Connection\":[\"keep-alive\"],\"Content-Length\":[\"107\"],\"Content-Type\":[\"application/json\"],\"Postman-Token\":[\"1cbf6d61-8b8e-421d-a201-c8cf84ddbe37\"],\"User-Agent\":[\"PostmanRuntime/7.28.3\"]}", "request_url": "/register", "request_params": "{\r\n    \"name\":\"wangzh\",\r\n    \"mobile\":\"18930235903\",\r\n    \"password\":\"12345678\",\r\n    \"account\":\"wangzh\"\r\n}"}
2023-07-30 10:55:27.533132000	[34minfo[0m	E:/go-projects/gin/gin-mall/pkg/log/log.go:23	===========åˆå§‹åŒ–æ—¥å¿—å¤„ç†=============
2023-07-30 10:55:27.566444900	[34minfo[0m	E:/go-projects/gin/gin-mall/pkg/db/mysql.go:23	==================æ•°æ®åº“åˆå§‹åŒ–å®Œæˆ=======================
2023-07-30 10:55:27.567476900	[34minfo[0m	E:/go-projects/gin/gin-mall/pkg/db/redis.go:30	==================redisæ•°æ®åº“åˆå§‹åŒ–æˆåŠŸ=======================
2023-07-30 10:55:27.567568800	[34minfo[0m	E:/go-projects/gin/gin-mall/internal/repository/repository.go:16	===========åˆå§‹åŒ–repository============
2023-07-30 10:55:27.567568800	[34minfo[0m	E:/go-projects/gin/gin-mall/internal/middleware/jwt.go:25	=================åˆå§‹åŒ–jwt==================
2023-07-30 10:55:27.584853700	[34minfo[0m	E:/go-projects/gin/gin-mall/pkg/helper/sid/sid.go:20	=============åˆå§‹åŒ–ssid================
2023-07-30 10:55:27.584853700	[34minfo[0m	E:/go-projects/gin/gin-mall/internal/service/service.go:6	===========åˆå§‹åŒ–UserService=================
2023-07-30 10:55:27.585383000	[34minfo[0m	E:/go-projects/gin/gin-mall/cmd/server/main.go:19	server start	{"host": "http://127.0.0.1:8000"}
2023-07-30 10:57:06.784048900	[34minfo[0m	E:/go-projects/gin/gin-mall/pkg/log/log.go:23	===========åˆå§‹åŒ–æ—¥å¿—å¤„ç†=============
2023-07-30 10:57:06.815242300	[34minfo[0m	E:/go-projects/gin/gin-mall/pkg/db/mysql.go:23	==================æ•°æ®åº“åˆå§‹åŒ–å®Œæˆ=======================
2023-07-30 10:57:06.816243500	[34minfo[0m	E:/go-projects/gin/gin-mall/pkg/db/redis.go:30	==================redisæ•°æ®åº“åˆå§‹åŒ–æˆåŠŸ=======================
2023-07-30 10:57:06.816243500	[34minfo[0m	E:/go-projects/gin/gin-mall/internal/repository/repository.go:16	===========åˆå§‹åŒ–repository============
2023-07-30 10:57:06.817244000	[34minfo[0m	E:/go-projects/gin/gin-mall/internal/middleware/jwt.go:25	=================åˆå§‹åŒ–jwt==================
2023-07-30 10:57:06.834001900	[34minfo[0m	E:/go-projects/gin/gin-mall/pkg/helper/sid/sid.go:20	=============åˆå§‹åŒ–ssid================
2023-07-30 10:57:06.834001900	[34minfo[0m	E:/go-projects/gin/gin-mall/internal/service/service.go:6	===========åˆå§‹åŒ–UserService=================
2023-07-30 10:57:06.834534100	[34minfo[0m	E:/go-projects/gin/gin-mall/cmd/server/main.go:19	server start	{"host": "http://127.0.0.1:8000"}
2023-07-30 10:57:15.640484300	[34minfo[0m	E:/go-projects/gin/gin-mall/pkg/log/log.go:23	===========åˆå§‹åŒ–æ—¥å¿—å¤„ç†=============
2023-07-30 10:57:15.671364900	[34minfo[0m	E:/go-projects/gin/gin-mall/pkg/db/mysql.go:23	==================æ•°æ®åº“åˆå§‹åŒ–å®Œæˆ=======================
2023-07-30 10:57:15.671895700	[34minfo[0m	E:/go-projects/gin/gin-mall/pkg/db/redis.go:30	==================redisæ•°æ®åº“åˆå§‹åŒ–æˆåŠŸ=======================
2023-07-30 10:57:15.671895700	[34minfo[0m	E:/go-projects/gin/gin-mall/internal/repository/repository.go:16	===========åˆå§‹åŒ–repository============
2023-07-30 10:57:15.672427400	[34minfo[0m	E:/go-projects/gin/gin-mall/internal/middleware/jwt.go:25	=================åˆå§‹åŒ–jwt==================
2023-07-30 10:57:15.690136200	[34minfo[0m	E:/go-projects/gin/gin-mall/pkg/helper/sid/sid.go:20	=============åˆå§‹åŒ–ssid================
2023-07-30 10:57:15.690136200	[34minfo[0m	E:/go-projects/gin/gin-mall/internal/service/service.go:6	===========åˆå§‹åŒ–UserService=================
2023-07-30 10:57:15.690673700	[34minfo[0m	E:/go-projects/gin/gin-mall/cmd/server/main.go:19	server start	{"host": "http://127.0.0.1:8000"}
2023-07-30 10:57:24.337620700	[34minfo[0m	E:/go-projects/gin/gin-mall/internal/middleware/log.go:33	Request	{"trace": "111a3668bc37a17be755d442389ac16a", "request_method": "POST", "request_headers": "{\"Accept\":[\"*/*\"],\"Accept-Encoding\":[\"gzip, deflate, br\"],\"Connection\":[\"keep-alive\"],\"Content-Length\":[\"107\"],\"Content-Type\":[\"application/json\"],\"Postman-Token\":[\"896ae13e-3eff-4cf8-a633-d5f82ce24f8f\"],\"User-Agent\":[\"PostmanRuntime/7.28.3\"]}", "request_url": "/register", "request_params": "{\r\n    \"name\":\"wangzh\",\r\n    \"mobile\":\"18930235903\",\r\n    \"password\":\"12345678\",\r\n    \"account\":\"wangzh\"\r\n}"}
2023-07-30 10:57:24.754630200	[34minfo[0m	E:/go-projects/gin/gin-mall/internal/middleware/log.go:45	Response	{"trace": "111a3668bc37a17be755d442389ac16a", "request_method": "POST", "request_headers": "{\"Accept\":[\"*/*\"],\"Accept-Encoding\":[\"gzip, deflate, br\"],\"Connection\":[\"keep-alive\"],\"Content-Length\":[\"107\"],\"Content-Type\":[\"application/json\"],\"Postman-Token\":[\"896ae13e-3eff-4cf8-a633-d5f82ce24f8f\"],\"User-Agent\":[\"PostmanRuntime/7.28.3\"]}", "request_url": "/register", "request_params": "{\r\n    \"name\":\"wangzh\",\r\n    \"mobile\":\"18930235903\",\r\n    \"password\":\"12345678\",\r\n    \"account\":\"wangzh\"\r\n}", "response_body": "{\"code\":1,\"message\":\"æ“ä½œå¤±è´¥\",\"data\":{}}", "time": "417ms"}
2023-07-30 11:01:23.241190200	[34minfo[0m	E:/go-projects/gin/gin-mall/internal/middleware/log.go:33	Request	{"trace": "e45a382426eaaf496e3c7d448f0bb3f6", "request_method": "POST", "request_headers": "{\"Accept\":[\"*/*\"],\"Accept-Encoding\":[\"gzip, deflate, br\"],\"Connection\":[\"keep-alive\"],\"Content-Length\":[\"107\"],\"Content-Type\":[\"application/json\"],\"Postman-Token\":[\"17542a8a-b6fe-428a-ae98-260bdd56d0dd\"],\"User-Agent\":[\"PostmanRuntime/7.28.3\"]}", "request_url": "/register", "request_params": "{\r\n    \"name\":\"wangzh\",\r\n    \"mobile\":\"18930235903\",\r\n    \"password\":\"12345678\",\r\n    \"account\":\"wangzh\"\r\n}"}
2023-07-30 11:01:23.298911800	[34minfo[0m	E:/go-projects/gin/gin-mall/internal/middleware/log.go:45	Response	{"trace": "e45a382426eaaf496e3c7d448f0bb3f6", "request_method": "POST", "request_headers": "{\"Accept\":[\"*/*\"],\"Accept-Encoding\":[\"gzip, deflate, br\"],\"Connection\":[\"keep-alive\"],\"Content-Length\":[\"107\"],\"Content-Type\":[\"application/json\"],\"Postman-Token\":[\"17542a8a-b6fe-428a-ae98-260bdd56d0dd\"],\"User-Agent\":[\"PostmanRuntime/7.28.3\"]}", "request_url": "/register", "request_params": "{\r\n    \"name\":\"wangzh\",\r\n    \"mobile\":\"18930235903\",\r\n    \"password\":\"12345678\",\r\n    \"account\":\"wangzh\"\r\n}", "response_body": "{\"code\":1,\"message\":\"æ“ä½œå¤±è´¥\",\"data\":{}}", "time": "58ms"}
2023-07-30 11:01:39.351078800	[34minfo[0m	E:/go-projects/gin/gin-mall/pkg/log/log.go:23	===========åˆå§‹åŒ–æ—¥å¿—å¤„ç†=============
2023-07-30 11:01:39.384126000	[34minfo[0m	E:/go-projects/gin/gin-mall/pkg/db/mysql.go:23	==================æ•°æ®åº“åˆå§‹åŒ–å®Œæˆ=======================
2023-07-30 11:01:39.384689900	[34minfo[0m	E:/go-projects/gin/gin-mall/pkg/db/redis.go:30	==================redisæ•°æ®åº“åˆå§‹åŒ–æˆåŠŸ=======================
2023-07-30 11:01:39.385217300	[34minfo[0m	E:/go-projects/gin/gin-mall/internal/repository/repository.go:16	===========åˆå§‹åŒ–repository============
2023-07-30 11:01:39.385760400	[34minfo[0m	E:/go-projects/gin/gin-mall/internal/middleware/jwt.go:25	=================åˆå§‹åŒ–jwt==================
2023-07-30 11:01:39.402648300	[34minfo[0m	E:/go-projects/gin/gin-mall/pkg/helper/sid/sid.go:20	=============åˆå§‹åŒ–ssid================
2023-07-30 11:01:39.402648300	[34minfo[0m	E:/go-projects/gin/gin-mall/internal/service/service.go:6	===========åˆå§‹åŒ–UserService=================
2023-07-30 11:01:39.403197600	[34minfo[0m	E:/go-projects/gin/gin-mall/cmd/server/main.go:19	server start	{"host": "http://127.0.0.1:8000"}
2023-07-30 11:01:50.136498000	[34minfo[0m	E:/go-projects/gin/gin-mall/internal/middleware/log.go:33	Request	{"trace": "f70b1deb655e08376e0557b35bb54e06", "request_method": "POST", "request_headers": "{\"Accept\":[\"*/*\"],\"Accept-Encoding\":[\"gzip, deflate, br\"],\"Connection\":[\"keep-alive\"],\"Content-Length\":[\"107\"],\"Content-Type\":[\"application/json\"],\"Postman-Token\":[\"41e82bd9-53f1-4f9f-bc9f-6d0250eeb4de\"],\"User-Agent\":[\"PostmanRuntime/7.28.3\"]}", "request_url": "/register", "request_params": "{\r\n    \"name\":\"wangzh\",\r\n    \"mobile\":\"18930235903\",\r\n    \"password\":\"12345678\",\r\n    \"account\":\"wangzh\"\r\n}"}
2023-07-30 11:01:50.193592600	[34minfo[0m	E:/go-projects/gin/gin-mall/internal/service/user.go:52	æ“ä½œå¤±è´¥:failed to create user: Error 1146 (42S02): Table 'hmh_mall.customers' doesn't exist
2023-07-30 11:01:50.193592600	[34minfo[0m	E:/go-projects/gin/gin-mall/internal/middleware/log.go:45	Response	{"trace": "f70b1deb655e08376e0557b35bb54e06", "request_method": "POST", "request_headers": "{\"Accept\":[\"*/*\"],\"Accept-Encoding\":[\"gzip, deflate, br\"],\"Connection\":[\"keep-alive\"],\"Content-Length\":[\"107\"],\"Content-Type\":[\"application/json\"],\"Postman-Token\":[\"41e82bd9-53f1-4f9f-bc9f-6d0250eeb4de\"],\"User-Agent\":[\"PostmanRuntime/7.28.3\"]}", "request_url": "/register", "request_params": "{\r\n    \"name\":\"wangzh\",\r\n    \"mobile\":\"18930235903\",\r\n    \"password\":\"12345678\",\r\n    \"account\":\"wangzh\"\r\n}", "response_body": "{\"code\":1,\"message\":\"æ“ä½œå¤±è´¥\",\"data\":{}}", "time": "57ms"}
2023-07-30 11:05:33.968708900	[34minfo[0m	E:/go-projects/gin/gin-mall/pkg/log/log.go:23	===========åˆå§‹åŒ–æ—¥å¿—å¤„ç†=============
2023-07-30 11:05:34.000135100	[34minfo[0m	E:/go-projects/gin/gin-mall/pkg/db/mysql.go:23	==================æ•°æ®åº“åˆå§‹åŒ–å®Œæˆ=======================
2023-07-30 11:05:34.001290000	[34minfo[0m	E:/go-projects/gin/gin-mall/pkg/db/redis.go:30	==================redisæ•°æ®åº“åˆå§‹åŒ–æˆåŠŸ=======================
2023-07-30 11:05:34.001290000	[34minfo[0m	E:/go-projects/gin/gin-mall/internal/repository/repository.go:16	===========åˆå§‹åŒ–repository============
2023-07-30 11:05:34.001829600	[34minfo[0m	E:/go-projects/gin/gin-mall/internal/middleware/jwt.go:25	=================åˆå§‹åŒ–jwt==================
2023-07-30 11:05:34.018622500	[34minfo[0m	E:/go-projects/gin/gin-mall/pkg/helper/sid/sid.go:20	=============åˆå§‹åŒ–ssid================
2023-07-30 11:05:34.018622500	[34minfo[0m	E:/go-projects/gin/gin-mall/internal/service/service.go:6	===========åˆå§‹åŒ–UserService=================
2023-07-30 11:05:34.019154500	[34minfo[0m	E:/go-projects/gin/gin-mall/cmd/server/main.go:19	server start	{"host": "http://127.0.0.1:8000"}
2023-07-30 11:05:38.755154300	[34minfo[0m	E:/go-projects/gin/gin-mall/internal/middleware/log.go:33	Request	{"trace": "9cda1f8206b1b18c8592ed4446992628", "request_method": "POST", "request_headers": "{\"Accept\":[\"*/*\"],\"Accept-Encoding\":[\"gzip, deflate, br\"],\"Connection\":[\"keep-alive\"],\"Content-Length\":[\"107\"],\"Content-Type\":[\"application/json\"],\"Postman-Token\":[\"32083fb6-ed6c-4385-8bb6-dd350e681663\"],\"User-Agent\":[\"PostmanRuntime/7.28.3\"]}", "request_url": "/register", "request_params": "{\r\n    \"name\":\"wangzh\",\r\n    \"mobile\":\"18930235903\",\r\n    \"password\":\"12345678\",\r\n    \"account\":\"wangzh\"\r\n}"}
2023-07-30 11:05:38.974841700	[34minfo[0m	E:/go-projects/gin/gin-mall/internal/service/user.go:52	æ“ä½œå¤±è´¥:failed to create user: Error 1406 (22001): Data too long for column 'password' at row 1
2023-07-30 11:05:38.974841700	[34minfo[0m	E:/go-projects/gin/gin-mall/internal/middleware/log.go:45	Response	{"trace": "9cda1f8206b1b18c8592ed4446992628", "request_method": "POST", "request_headers": "{\"Accept\":[\"*/*\"],\"Accept-Encoding\":[\"gzip, deflate, br\"],\"Connection\":[\"keep-alive\"],\"Content-Length\":[\"107\"],\"Content-Type\":[\"application/json\"],\"Postman-Token\":[\"32083fb6-ed6c-4385-8bb6-dd350e681663\"],\"User-Agent\":[\"PostmanRuntime/7.28.3\"]}", "request_url": "/register", "request_params": "{\r\n    \"name\":\"wangzh\",\r\n    \"mobile\":\"18930235903\",\r\n    \"password\":\"12345678\",\r\n    \"account\":\"wangzh\"\r\n}", "response_body": "{\"code\":1,\"message\":\"æ“ä½œå¤±è´¥\",\"data\":{}}", "time": "219ms"}
2023-07-30 11:06:25.343882200	[34minfo[0m	E:/go-projects/gin/gin-mall/internal/middleware/log.go:33	Request	{"trace": "4658211936f4130980310a5bdabdaa52", "request_method": "POST", "request_headers": "{\"Accept\":[\"*/*\"],\"Accept-Encoding\":[\"gzip, deflate, br\"],\"Connection\":[\"keep-alive\"],\"Content-Length\":[\"107\"],\"Content-Type\":[\"application/json\"],\"Postman-Token\":[\"8b9c72ff-5f01-4acf-b281-8307eaf965e3\"],\"User-Agent\":[\"PostmanRuntime/7.28.3\"]}", "request_url": "/register", "request_params": "{\r\n    \"name\":\"wangzh\",\r\n    \"mobile\":\"18930235903\",\r\n    \"password\":\"12345678\",\r\n    \"account\":\"wangzh\"\r\n}"}
2023-07-30 11:06:25.400287300	[34minfo[0m	E:/go-projects/gin/gin-mall/internal/service/user.go:52	æ“ä½œå¤±è´¥:failed to create user: Error 1292 (22007): Incorrect datetime value: '0000-00-00' for column 'last_login_at' at row 1
2023-07-30 11:06:25.400287300	[34minfo[0m	E:/go-projects/gin/gin-mall/internal/middleware/log.go:45	Response	{"trace": "4658211936f4130980310a5bdabdaa52", "request_method": "POST", "request_headers": "{\"Accept\":[\"*/*\"],\"Accept-Encoding\":[\"gzip, deflate, br\"],\"Connection\":[\"keep-alive\"],\"Content-Length\":[\"107\"],\"Content-Type\":[\"application/json\"],\"Postman-Token\":[\"8b9c72ff-5f01-4acf-b281-8307eaf965e3\"],\"User-Agent\":[\"PostmanRuntime/7.28.3\"]}", "request_url": "/register", "request_params": "{\r\n    \"name\":\"wangzh\",\r\n    \"mobile\":\"18930235903\",\r\n    \"password\":\"12345678\",\r\n    \"account\":\"wangzh\"\r\n}", "response_body": "{\"code\":1,\"message\":\"æ“ä½œå¤±è´¥\",\"data\":{}}", "time": "57ms"}
2023-07-30 11:09:47.340819800	[34minfo[0m	E:/go-projects/gin/gin-mall/pkg/log/log.go:23	===========åˆå§‹åŒ–æ—¥å¿—å¤„ç†=============
2023-07-30 11:09:47.373159600	[34minfo[0m	E:/go-projects/gin/gin-mall/pkg/db/mysql.go:23	==================æ•°æ®åº“åˆå§‹åŒ–å®Œæˆ=======================
2023-07-30 11:09:47.374158600	[34minfo[0m	E:/go-projects/gin/gin-mall/pkg/db/redis.go:30	==================redisæ•°æ®åº“åˆå§‹åŒ–æˆåŠŸ=======================
2023-07-30 11:09:47.374158600	[34minfo[0m	E:/go-projects/gin/gin-mall/internal/repository/repository.go:16	===========åˆå§‹åŒ–repository============
2023-07-30 11:09:47.375156600	[34minfo[0m	E:/go-projects/gin/gin-mall/internal/middleware/jwt.go:25	=================åˆå§‹åŒ–jwt==================
2023-07-30 11:09:47.391797400	[34minfo[0m	E:/go-projects/gin/gin-mall/pkg/helper/sid/sid.go:20	=============åˆå§‹åŒ–ssid================
2023-07-30 11:09:47.391797400	[34minfo[0m	E:/go-projects/gin/gin-mall/internal/service/service.go:6	===========åˆå§‹åŒ–UserService=================
2023-07-30 11:09:47.392330300	[34minfo[0m	E:/go-projects/gin/gin-mall/cmd/server/main.go:19	server start	{"host": "http://127.0.0.1:8000"}
2023-07-30 11:09:52.012580300	[34minfo[0m	E:/go-projects/gin/gin-mall/internal/middleware/log.go:33	Request	{"trace": "cbc4d2b4eb6131c740500873350694e8", "request_method": "POST", "request_headers": "{\"Accept\":[\"*/*\"],\"Accept-Encoding\":[\"gzip, deflate, br\"],\"Connection\":[\"keep-alive\"],\"Content-Length\":[\"107\"],\"Content-Type\":[\"application/json\"],\"Postman-Token\":[\"5d97a340-2dd1-44f0-9a83-54774d1d42a1\"],\"User-Agent\":[\"PostmanRuntime/7.28.3\"]}", "request_url": "/register", "request_params": "{\r\n    \"name\":\"wangzh\",\r\n    \"mobile\":\"18930235903\",\r\n    \"password\":\"12345678\",\r\n    \"account\":\"wangzh\"\r\n}"}
2023-07-30 11:09:52.312365100	[34minfo[0m	E:/go-projects/gin/gin-mall/internal/middleware/log.go:45	Response	{"trace": "cbc4d2b4eb6131c740500873350694e8", "request_method": "POST", "request_headers": "{\"Accept\":[\"*/*\"],\"Accept-Encoding\":[\"gzip, deflate, br\"],\"Connection\":[\"keep-alive\"],\"Content-Length\":[\"107\"],\"Content-Type\":[\"application/json\"],\"Postman-Token\":[\"5d97a340-2dd1-44f0-9a83-54774d1d42a1\"],\"User-Agent\":[\"PostmanRuntime/7.28.3\"]}", "request_url": "/register", "request_params": "{\r\n    \"name\":\"wangzh\",\r\n    \"mobile\":\"18930235903\",\r\n    \"password\":\"12345678\",\r\n    \"account\":\"wangzh\"\r\n}", "response_body": "{\"code\":0,\"message\":\"success\",\"data\":{}}", "time": "299ms"}
2023-07-30 11:53:16.761100400	[34minfo[0m	E:/go-projects/gin/gin-mall/pkg/log/log.go:23	===========åˆå§‹åŒ–æ—¥å¿—å¤„ç†=============
2023-07-30 11:53:16.799106200	[34minfo[0m	E:/go-projects/gin/gin-mall/pkg/db/mysql.go:23	==================æ•°æ®åº“åˆå§‹åŒ–å®Œæˆ=======================
2023-07-30 11:53:16.799106200	[34minfo[0m	E:/go-projects/gin/gin-mall/pkg/db/redis.go:30	==================redisæ•°æ®åº“åˆå§‹åŒ–æˆåŠŸ=======================
2023-07-30 11:53:16.800105000	[34minfo[0m	E:/go-projects/gin/gin-mall/internal/repository/repository.go:16	===========åˆå§‹åŒ–repository============
2023-07-30 11:53:16.800105000	[34minfo[0m	E:/go-projects/gin/gin-mall/internal/middleware/jwt.go:25	=================åˆå§‹åŒ–jwt==================
2023-07-30 11:53:16.817105400	[34minfo[0m	E:/go-projects/gin/gin-mall/pkg/helper/sid/sid.go:20	=============åˆå§‹åŒ–ssid================
2023-07-30 11:53:16.818106500	[34minfo[0m	E:/go-projects/gin/gin-mall/internal/service/service.go:6	===========åˆå§‹åŒ–UserService=================
2023-07-30 11:53:16.818106500	[34minfo[0m	E:/go-projects/gin/gin-mall/cmd/server/main.go:19	server start	{"host": "http://127.0.0.1:8000"}
2023-07-30 11:53:23.958271200	[34minfo[0m	E:/go-projects/gin/gin-mall/internal/middleware/log.go:33	Request	{"trace": "6a84c3f14a77ea4348e8025540729311", "request_method": "POST", "request_headers": "{\"Accept\":[\"*/*\"],\"Accept-Encoding\":[\"gzip, deflate, br\"],\"Connection\":[\"keep-alive\"],\"Content-Length\":[\"53\"],\"Content-Type\":[\"application/json\"],\"Postman-Token\":[\"594ffa66-6618-4d8e-be93-8d664ebad79a\"],\"User-Agent\":[\"PostmanRuntime/7.28.3\"]}", "request_url": "/login", "request_params": "{\r\n    \"name\":\"wangzh\",\r\n    \"password\":\"12345678\"\r\n}"}
2023-07-30 11:53:23.958796700	[34minfo[0m	E:/go-projects/gin/gin-mall/internal/middleware/log.go:45	Response	{"trace": "6a84c3f14a77ea4348e8025540729311", "request_method": "POST", "request_headers": "{\"Accept\":[\"*/*\"],\"Accept-Encoding\":[\"gzip, deflate, br\"],\"Connection\":[\"keep-alive\"],\"Content-Length\":[\"53\"],\"Content-Type\":[\"application/json\"],\"Postman-Token\":[\"594ffa66-6618-4d8e-be93-8d664ebad79a\"],\"User-Agent\":[\"PostmanRuntime/7.28.3\"]}", "request_url": "/login", "request_params": "{\r\n    \"name\":\"wangzh\",\r\n    \"password\":\"12345678\"\r\n}", "response_body": "{\"code\":1,\"message\":\"invalid request: Key: 'LoginRequest.Account' Error:Field validation for 'Account' failed on the 'required' tag\",\"data\":{}}", "time": "0ms"}
2023-07-30 11:55:21.292498200	[34minfo[0m	E:/go-projects/gin/gin-mall/internal/middleware/log.go:33	Request	{"trace": "5213b2b26c4af879b8c8616878b379a0", "request_method": "POST", "request_headers": "{\"Accept\":[\"*/*\"],\"Accept-Encoding\":[\"gzip, deflate, br\"],\"Connection\":[\"keep-alive\"],\"Content-Length\":[\"56\"],\"Content-Type\":[\"application/json\"],\"Postman-Token\":[\"6282bce9-7ad4-4daa-ac2f-7eb7437d590c\"],\"User-Agent\":[\"PostmanRuntime/7.28.3\"]}", "request_url": "/login", "request_params": "{\r\n    \"account\":\"wangzh\",\r\n    \"password\":\"12345678\"\r\n}"}
2023-07-30 11:55:21.295140900	[34minfo[0m	E:/go-projects/gin/gin-mall/internal/middleware/log.go:45	Response	{"trace": "5213b2b26c4af879b8c8616878b379a0", "request_method": "POST", "request_headers": "{\"Accept\":[\"*/*\"],\"Accept-Encoding\":[\"gzip, deflate, br\"],\"Connection\":[\"keep-alive\"],\"Content-Length\":[\"56\"],\"Content-Type\":[\"application/json\"],\"Postman-Token\":[\"6282bce9-7ad4-4daa-ac2f-7eb7437d590c\"],\"User-Agent\":[\"PostmanRuntime/7.28.3\"]}", "request_url": "/login", "request_params": "{\r\n    \"account\":\"wangzh\",\r\n    \"password\":\"12345678\"\r\n}", "response_body": "{\"code\":1,\"message\":\"failed to get user by username: failed to get user by username: invalid connection\",\"data\":{}}", "time": "3ms"}
2023-07-30 11:59:34.262414800	[34minfo[0m	E:/go-projects/gin/gin-mall/internal/middleware/log.go:33	Request	{"trace": "33daf823746cb58f29b092900e9543db", "request_method": "POST", "request_headers": "{\"Accept\":[\"*/*\"],\"Accept-Encoding\":[\"gzip, deflate, br\"],\"Connection\":[\"keep-alive\"],\"Content-Length\":[\"56\"],\"Content-Type\":[\"application/json\"],\"Postman-Token\":[\"58d790f2-d07e-403b-80c1-b7b31293697e\"],\"User-Agent\":[\"PostmanRuntime/7.28.3\"]}", "request_url": "/login", "request_params": "{\r\n    \"account\":\"wangzh\",\r\n    \"password\":\"12345678\"\r\n}"}
2023-07-30 11:59:34.317687800	[34minfo[0m	E:/go-projects/gin/gin-mall/internal/middleware/log.go:45	Response	{"trace": "33daf823746cb58f29b092900e9543db", "request_method": "POST", "request_headers": "{\"Accept\":[\"*/*\"],\"Accept-Encoding\":[\"gzip, deflate, br\"],\"Connection\":[\"keep-alive\"],\"Content-Length\":[\"56\"],\"Content-Type\":[\"application/json\"],\"Postman-Token\":[\"58d790f2-d07e-403b-80c1-b7b31293697e\"],\"User-Agent\":[\"PostmanRuntime/7.28.3\"]}", "request_url": "/login", "request_params": "{\r\n    \"account\":\"wangzh\",\r\n    \"password\":\"12345678\"\r\n}", "response_body": "{\"code\":0,\"message\":\"success\",\"data\":{\"accessToken\":\"eyJhbGciOiJIUzI1NiIsInR5cCI6IkpXVCJ9.eyJVc2VySWQiOiJ5UXA4RDBJOHpEIiwiZXhwIjoxNjk4NDY1NTc0LCJuYmYiOjE2OTA2ODk1NzQsImlhdCI6MTY5MDY4OTU3NH0.dEI40zl4g1eV9AqtuSE2AfZ7seMTOz-O_OwQ4xYBTxk\"}}", "time": "55ms"}
2023-07-30 11:59:41.783742000	[34minfo[0m	E:/go-projects/gin/gin-mall/internal/middleware/log.go:33	Request	{"trace": "f57035f2d904f68e7b6d8d23fd4f5b6e", "request_method": "POST", "request_headers": "{\"Accept\":[\"*/*\"],\"Accept-Encoding\":[\"gzip, deflate, br\"],\"Connection\":[\"keep-alive\"],\"Content-Length\":[\"56\"],\"Content-Type\":[\"application/json\"],\"Postman-Token\":[\"44fabaf8-da02-47b6-8a36-183667d96c0f\"],\"User-Agent\":[\"PostmanRuntime/7.28.3\"]}", "request_url": "/login", "request_params": "{\r\n    \"account\":\"wangzh\",\r\n    \"password\":\"12345678\"\r\n}"}
2023-07-30 11:59:41.837521000	[34minfo[0m	E:/go-projects/gin/gin-mall/internal/middleware/log.go:45	Response	{"trace": "f57035f2d904f68e7b6d8d23fd4f5b6e", "request_method": "POST", "request_headers": "{\"Accept\":[\"*/*\"],\"Accept-Encoding\":[\"gzip, deflate, br\"],\"Connection\":[\"keep-alive\"],\"Content-Length\":[\"56\"],\"Content-Type\":[\"application/json\"],\"Postman-Token\":[\"44fabaf8-da02-47b6-8a36-183667d96c0f\"],\"User-Agent\":[\"PostmanRuntime/7.28.3\"]}", "request_url": "/login", "request_params": "{\r\n    \"account\":\"wangzh\",\r\n    \"password\":\"12345678\"\r\n}", "response_body": "{\"code\":0,\"message\":\"success\",\"data\":{\"accessToken\":\"eyJhbGciOiJIUzI1NiIsInR5cCI6IkpXVCJ9.eyJVc2VySWQiOiJ5UXA4RDBJOHpEIiwiZXhwIjoxNjk4NDY1NTgxLCJuYmYiOjE2OTA2ODk1ODEsImlhdCI6MTY5MDY4OTU4MX0.7DsPdhvkRDOeogimKLuidU5lFPu-gBhImvkpcdWsb1E\"}}", "time": "54ms"}
2023-07-30 11:59:51.388241100	[34minfo[0m	E:/go-projects/gin/gin-mall/pkg/log/log.go:23	===========åˆå§‹åŒ–æ—¥å¿—å¤„ç†=============
2023-07-30 11:59:51.419725500	[34minfo[0m	E:/go-projects/gin/gin-mall/pkg/db/mysql.go:23	==================æ•°æ®åº“åˆå§‹åŒ–å®Œæˆ=======================
2023-07-30 11:59:51.419725500	[34minfo[0m	E:/go-projects/gin/gin-mall/pkg/db/redis.go:30	==================redisæ•°æ®åº“åˆå§‹åŒ–æˆåŠŸ=======================
2023-07-30 11:59:51.419725500	[34minfo[0m	E:/go-projects/gin/gin-mall/internal/repository/repository.go:16	===========åˆå§‹åŒ–repository============
2023-07-30 11:59:51.420725300	[34minfo[0m	E:/go-projects/gin/gin-mall/internal/middleware/jwt.go:25	=================åˆå§‹åŒ–jwt==================
2023-07-30 11:59:51.443018800	[34minfo[0m	E:/go-projects/gin/gin-mall/pkg/helper/sid/sid.go:20	=============åˆå§‹åŒ–ssid================
2023-07-30 11:59:51.443018800	[34minfo[0m	E:/go-projects/gin/gin-mall/internal/service/service.go:6	===========åˆå§‹åŒ–UserService=================
2023-07-30 11:59:51.443559400	[34minfo[0m	E:/go-projects/gin/gin-mall/cmd/server/main.go:19	server start	{"host": "http://127.0.0.1:8000"}
2023-07-30 11:59:55.893710300	[34minfo[0m	E:/go-projects/gin/gin-mall/internal/middleware/log.go:33	Request	{"trace": "fe2fda9420da7c3bfd7299138b8b2f0f", "request_method": "POST", "request_headers": "{\"Accept\":[\"*/*\"],\"Accept-Encoding\":[\"gzip, deflate, br\"],\"Connection\":[\"keep-alive\"],\"Content-Length\":[\"56\"],\"Content-Type\":[\"application/json\"],\"Postman-Token\":[\"e05342b5-21fa-4ca7-8810-b0a7bd351f82\"],\"User-Agent\":[\"PostmanRuntime/7.28.3\"]}", "request_url": "/login", "request_params": "{\r\n    \"account\":\"wangzh\",\r\n    \"password\":\"12345678\"\r\n}"}
2023-07-30 11:59:55.948650900	[34minfo[0m	E:/go-projects/gin/gin-mall/internal/middleware/log.go:45	Response	{"trace": "fe2fda9420da7c3bfd7299138b8b2f0f", "request_method": "POST", "request_headers": "{\"Accept\":[\"*/*\"],\"Accept-Encoding\":[\"gzip, deflate, br\"],\"Connection\":[\"keep-alive\"],\"Content-Length\":[\"56\"],\"Content-Type\":[\"application/json\"],\"Postman-Token\":[\"e05342b5-21fa-4ca7-8810-b0a7bd351f82\"],\"User-Agent\":[\"PostmanRuntime/7.28.3\"]}", "request_url": "/login", "request_params": "{\r\n    \"account\":\"wangzh\",\r\n    \"password\":\"12345678\"\r\n}", "response_body": "{\"code\":0,\"message\":\"success\",\"data\":{\"accessToken\":\"eyJhbGciOiJIUzI1NiIsInR5cCI6IkpXVCJ9.eyJVc2VySWQiOiJ5UXA4RDBJOHpEIiwiZXhwIjoxNjk4NDY1NTk1LCJuYmYiOjE2OTA2ODk1OTUsImlhdCI6MTY5MDY4OTU5NX0.leWBoyEoCjnl-n9J10umdo9ViNSO9M1Nea2w5JOxBQI\"}}", "time": "55ms"}
